mode: set
github.com/hortelanobruno/foaas-api/domain/validator/validator_impl.go:7.54,9.2 1 1
github.com/hortelanobruno/foaas-api/domain/validator/validator_impl.go:11.67,12.18 1 1
github.com/hortelanobruno/foaas-api/domain/validator/validator_impl.go:16.2,16.12 1 1
github.com/hortelanobruno/foaas-api/domain/validator/validator_impl.go:12.18,14.3 1 1
github.com/hortelanobruno/foaas-api/domain/service/service_impl.go:18.68,24.2 1 1
github.com/hortelanobruno/foaas-api/domain/service/service_impl.go:26.81,29.16 3 1
github.com/hortelanobruno/foaas-api/domain/service/service_impl.go:33.2,34.55 2 1
github.com/hortelanobruno/foaas-api/domain/service/service_impl.go:39.2,39.22 1 1
github.com/hortelanobruno/foaas-api/domain/service/service_impl.go:29.16,31.3 1 1
github.com/hortelanobruno/foaas-api/domain/service/service_impl.go:34.55,37.3 2 1
github.com/hortelanobruno/foaas-api/ratelimiter/local_rate_limiter.go:16.104,24.2 1 1
github.com/hortelanobruno/foaas-api/ratelimiter/local_rate_limiter.go:28.61,34.13 5 1
github.com/hortelanobruno/foaas-api/ratelimiter/local_rate_limiter.go:39.2,41.42 3 1
github.com/hortelanobruno/foaas-api/ratelimiter/local_rate_limiter.go:45.2,46.13 2 1
github.com/hortelanobruno/foaas-api/ratelimiter/local_rate_limiter.go:34.13,37.3 2 1
github.com/hortelanobruno/foaas-api/ratelimiter/local_rate_limiter.go:41.42,43.3 1 1
github.com/hortelanobruno/foaas-api/ratelimiter/local_rate_limiter.go:49.104,51.35 2 1
github.com/hortelanobruno/foaas-api/ratelimiter/local_rate_limiter.go:56.2,56.20 1 1
github.com/hortelanobruno/foaas-api/ratelimiter/local_rate_limiter.go:51.35,52.53 1 1
github.com/hortelanobruno/foaas-api/ratelimiter/local_rate_limiter.go:52.53,54.4 1 1
github.com/hortelanobruno/foaas-api/http/client_impl.go:16.55,23.2 2 1
github.com/hortelanobruno/foaas-api/http/client_impl.go:25.54,28.16 3 1
github.com/hortelanobruno/foaas-api/http/client_impl.go:32.2,33.16 2 1
github.com/hortelanobruno/foaas-api/http/client_impl.go:38.2,39.16 2 1
github.com/hortelanobruno/foaas-api/http/client_impl.go:43.2,45.18 2 1
github.com/hortelanobruno/foaas-api/http/client_impl.go:28.16,30.3 1 1
github.com/hortelanobruno/foaas-api/http/client_impl.go:33.16,36.3 2 0
github.com/hortelanobruno/foaas-api/http/client_impl.go:39.16,41.3 1 1
github.com/hortelanobruno/foaas-api/http/client_impl.go:48.78,51.16 3 1
github.com/hortelanobruno/foaas-api/http/client_impl.go:54.2,57.16 3 1
github.com/hortelanobruno/foaas-api/http/client_impl.go:62.2,63.16 2 1
github.com/hortelanobruno/foaas-api/http/client_impl.go:67.2,69.18 2 1
github.com/hortelanobruno/foaas-api/http/client_impl.go:51.16,53.3 1 1
github.com/hortelanobruno/foaas-api/http/client_impl.go:57.16,60.3 2 0
github.com/hortelanobruno/foaas-api/http/client_impl.go:63.16,65.3 1 1
github.com/hortelanobruno/foaas-api/http/client_impl.go:72.77,74.16 2 1
github.com/hortelanobruno/foaas-api/http/client_impl.go:78.2,79.17 2 1
github.com/hortelanobruno/foaas-api/http/client_impl.go:74.16,77.3 2 1
github.com/hortelanobruno/foaas-api/http/client_impl.go:82.79,84.16 2 1
github.com/hortelanobruno/foaas-api/http/client_impl.go:88.2,88.42 1 1
github.com/hortelanobruno/foaas-api/http/client_impl.go:93.2,93.18 1 1
github.com/hortelanobruno/foaas-api/http/client_impl.go:84.16,86.3 1 1
github.com/hortelanobruno/foaas-api/http/client_impl.go:88.42,91.3 2 1
github.com/hortelanobruno/foaas-api/http/client_impl.go:96.72,98.16 2 1
github.com/hortelanobruno/foaas-api/http/client_impl.go:103.2,104.16 2 1
github.com/hortelanobruno/foaas-api/http/client_impl.go:107.2,107.18 1 1
github.com/hortelanobruno/foaas-api/http/client_impl.go:98.16,101.3 2 1
github.com/hortelanobruno/foaas-api/http/client_impl.go:104.16,106.3 1 0
github.com/hortelanobruno/foaas-api/domain/service/handler/handler.go:18.57,23.2 1 1
github.com/hortelanobruno/foaas-api/domain/service/handler/handler.go:25.68,27.67 2 1
github.com/hortelanobruno/foaas-api/domain/service/handler/handler.go:35.2,36.16 2 1
github.com/hortelanobruno/foaas-api/domain/service/handler/handler.go:44.2,45.8 2 1
github.com/hortelanobruno/foaas-api/domain/service/handler/handler.go:27.67,33.3 3 1
github.com/hortelanobruno/foaas-api/domain/service/handler/handler.go:36.16,42.3 3 1
